<?xml version="1.0" encoding="UTF-8"?>
<!-- Generated by org.testng.reporters.JUnitReportReporter -->
<testsuite hostname="BoratekiMini.fios-router.home" failures="0" tests="3" name="learnTestNG.LearnBeforeAfter" time="0.006" errors="0" timestamp="2023-03-18T12:49:18 EDT" skipped="0">
  <testcase classname="learnTestNG.LearnBeforeAfter" name="test2" time="0.002"/>
  <system-out/>
  <testcase classname="learnTestNG.LearnBeforeAfter" name="test1" time="0.004"/>
  <system-out/>
  <testcase classname="learnTestNG.LearnBeforeAfter" name="test3" time="0.000"/>
  <system-out/>
</testsuite> <!-- learnTestNG.LearnBeforeAfter -->
